<?xml version="1.0" encoding="UTF-8"?>
<coverage generated="1697193204544" clover="3.2.0">
  <project timestamp="1697193204544" name="All files">
    <metrics statements="2" coveredstatements="2" conditionals="2" coveredconditionals="2" methods="2" coveredmethods="2" elements="6" coveredelements="6" complexity="0" loc="2" ncloc="2" packages="1" files="1" classes="1"/>
    <file name="Login.js" path="/Users/mio.lundqvist/development/nodejs-login/Login.js">
      <metrics statements="2" coveredstatements="2" conditionals="2" coveredconditionals="2" methods="2" coveredmethods="2"/>
      <line num="9" count="2" type="cond" truecount="2" falsecount="0"/>
      <line num="14" count="1" type="stmt"/>
    </file>
  </project>
</coverage>
