{"/Users/mio.lundqvist/development/nodejs-login/Login.js": {"path":"/Users/mio.lundqvist/development/nodejs-login/Login.js","statementMap":{"0":{"start":{"line":5,"column":8},"end":{"line":24,"column":9}},"1":{"start":{"line":7,"column":12},"end":{"line":7,"column":24}},"2":{"start":{"line":10,"column":13},"end":{"line":24,"column":9}},"3":{"start":{"line":12,"column":12},"end":{"line":12,"column":41}},"4":{"start":{"line":13,"column":12},"end":{"line":13,"column":24}},"5":{"start":{"line":15,"column":13},"end":{"line":24,"column":9}},"6":{"start":{"line":16,"column":12},"end":{"line":16,"column":41}},"7":{"start":{"line":17,"column":12},"end":{"line":17,"column":24}},"8":{"start":{"line":22,"column":12},"end":{"line":22,"column":64}},"9":{"start":{"line":23,"column":12},"end":{"line":23,"column":24}},"10":{"start":{"line":30,"column":0},"end":{"line":30,"column":22}}},"fnMap":{"0":{"name":"(anonymous_0)","decl":{"start":{"line":3,"column":5},"end":{"line":3,"column":6}},"loc":{"start":{"line":3,"column":31},"end":{"line":26,"column":5}},"line":3}},"branchMap":{"0":{"loc":{"start":{"line":5,"column":8},"end":{"line":24,"column":9}},"type":"if","locations":[{"start":{"line":5,"column":8},"end":{"line":24,"column":9}},{"start":{"line":10,"column":13},"end":{"line":24,"column":9}}],"line":5},"1":{"loc":{"start":{"line":5,"column":11},"end":{"line":5,"column":61}},"type":"binary-expr","locations":[{"start":{"line":5,"column":11},"end":{"line":5,"column":31}},{"start":{"line":5,"column":35},"end":{"line":5,"column":61}}],"line":5},"2":{"loc":{"start":{"line":10,"column":13},"end":{"line":24,"column":9}},"type":"if","locations":[{"start":{"line":10,"column":13},"end":{"line":24,"column":9}},{"start":{"line":15,"column":13},"end":{"line":24,"column":9}}],"line":10},"3":{"loc":{"start":{"line":10,"column":16},"end":{"line":10,"column":50}},"type":"binary-expr","locations":[{"start":{"line":10,"column":16},"end":{"line":10,"column":31}},{"start":{"line":10,"column":35},"end":{"line":10,"column":50}}],"line":10},"4":{"loc":{"start":{"line":15,"column":13},"end":{"line":24,"column":9}},"type":"if","locations":[{"start":{"line":15,"column":13},"end":{"line":24,"column":9}},{"start":{"line":20,"column":13},"end":{"line":24,"column":9}}],"line":15},"5":{"loc":{"start":{"line":15,"column":17},"end":{"line":15,"column":55}},"type":"binary-expr","locations":[{"start":{"line":15,"column":17},"end":{"line":15,"column":34}},{"start":{"line":15,"column":38},"end":{"line":15,"column":55}}],"line":15}},"s":{"0":9,"1":1,"2":8,"3":1,"4":1,"5":7,"6":1,"7":1,"8":6,"9":6,"10":1},"f":{"0":9},"b":{"0":[1,8],"1":[9,4],"2":[1,7],"3":[8,7],"4":[1,6],"5":[7,7]},"_coverageSchema":"1a1c01bbd47fc00a2c39e90264f33305004495a9","hash":"8ed09ab91204cd41575caef76391a0366a5e2029"}
}
