{"/Users/mio.lundqvist/development/nodejs-login/Login.js": {"path":"/Users/mio.lundqvist/development/nodejs-login/Login.js","statementMap":{"0":{"start":{"line":9,"column":8},"end":{"line":9,"column":65}},"1":{"start":{"line":14,"column":0},"end":{"line":14,"column":22}}},"fnMap":{"0":{"name":"(anonymous_0)","decl":{"start":{"line":3,"column":4},"end":{"line":3,"column":5}},"loc":{"start":{"line":3,"column":18},"end":{"line":5,"column":5}},"line":3},"1":{"name":"(anonymous_1)","decl":{"start":{"line":7,"column":4},"end":{"line":7,"column":5}},"loc":{"start":{"line":7,"column":30},"end":{"line":10,"column":5}},"line":7}},"branchMap":{"0":{"loc":{"start":{"line":9,"column":15},"end":{"line":9,"column":65}},"type":"binary-expr","locations":[{"start":{"line":9,"column":15},"end":{"line":9,"column":35}},{"start":{"line":9,"column":39},"end":{"line":9,"column":65}}],"line":9}},"s":{"0":2,"1":1},"f":{"0":3,"1":2},"b":{"0":[2,1]},"_coverageSchema":"1a1c01bbd47fc00a2c39e90264f33305004495a9","hash":"2a5bae16d02cae18353dff91567d6006fe1ed55a"}
}
